This is pdfTeX, Version 3.14159265-2.6-1.40.20 (TeX Live 2019/Debian) (preloaded format=pdflatex 2021.1.9)  5 MAY 2022 15:47
entering extended mode
 \write18 enabled.
 %&-line parsing enabled.
**lab_report.tex
(./lab_report.tex
LaTeX2e <2020-02-02> patch level 2
L3 programming layer <2020-02-14>
(/usr/share/texlive/texmf-dist/tex/latex/base/article.cls
Document Class: article 2019/12/20 v1.4l Standard LaTeX document class
(/usr/share/texlive/texmf-dist/tex/latex/base/size10.clo
File: size10.clo 2019/12/20 v1.4l Standard LaTeX file (size option)
)
\c@part=\count167
\c@section=\count168
\c@subsection=\count169
\c@subsubsection=\count170
\c@paragraph=\count171
\c@subparagraph=\count172
\c@figure=\count173
\c@table=\count174
\abovecaptionskip=\skip47
\belowcaptionskip=\skip48
\bibindent=\dimen134
)
(/usr/share/texlive/texmf-dist/tex/latex/minted/minted.sty
Package: minted 2017/07/19 v2.5 Yet another Pygments shim for LaTeX

(/usr/share/texlive/texmf-dist/tex/latex/graphics/keyval.sty
Package: keyval 2014/10/28 v1.15 key=value parser (DPC)
\KV@toks@=\toks14
)
(/usr/share/texlive/texmf-dist/tex/latex/kvoptions/kvoptions.sty
Package: kvoptions 2019/11/29 v3.13 Key value format for package options (HO)

(/usr/share/texlive/texmf-dist/tex/generic/ltxcmds/ltxcmds.sty
Package: ltxcmds 2019/12/15 v1.24 LaTeX kernel commands for general use (HO)
)
(/usr/share/texlive/texmf-dist/tex/generic/kvsetkeys/kvsetkeys.sty
Package: kvsetkeys 2019/12/15 v1.18 Key value parser (HO)
))
(/usr/share/texlive/texmf-dist/tex/latex/fvextra/fvextra.sty
Package: fvextra 2019/02/04 v1.4 fvextra - extensions and patches for fancyvrb

(/usr/share/texlive/texmf-dist/tex/latex/base/ifthen.sty
Package: ifthen 2014/09/29 v1.1c Standard LaTeX ifthen package (DPC)
)
(/usr/share/texlive/texmf-dist/tex/latex/etoolbox/etoolbox.sty
Package: etoolbox 2019/09/21 v2.5h e-TeX tools for LaTeX (JAW)
\etb@tempcnta=\count175
)
(/usr/share/texlive/texmf-dist/tex/latex/fancyvrb/fancyvrb.sty
Package: fancyvrb 2020/01/13 v3.5 verbatim text (tvz,hv)
\FV@CodeLineNo=\count176
\FV@InFile=\read2
\FV@TabBox=\box45
\c@FancyVerbLine=\count177
\FV@StepNumber=\count178
\FV@OutFile=\write3
)
(/usr/share/texlive/texmf-dist/tex/latex/upquote/upquote.sty
Package: upquote 2012/04/19 v1.3 upright-quote and grave-accent glyphs in verba
tim
)
(/usr/share/texlive/texmf-dist/tex/latex/lineno/lineno.sty
Package: lineno 2005/11/02 line numbers on paragraphs v4.41
\linenopenalty=\count179
\output=\toks15
\linenoprevgraf=\count180
\linenumbersep=\dimen135
\linenumberwidth=\dimen136
\c@linenumber=\count181
\c@pagewiselinenumber=\count182
\c@LN@truepage=\count183
\c@internallinenumber=\count184
\c@internallinenumbers=\count185
\quotelinenumbersep=\dimen137
\bframerule=\dimen138
\bframesep=\dimen139
\bframebox=\box46
LaTeX Info: Redefining \\ on input line 3056.
)
\c@FV@TrueTabGroupLevel=\count186
\c@FV@TrueTabCounter=\count187
\FV@TabBox@Group=\box47
\FV@TmpLength=\skip49
\c@FV@HighlightLinesStart=\count188
\c@FV@HighlightLinesStop=\count189
\FV@LoopCount=\count190
\FV@NCharsBox=\box48
\FV@BreakIndent=\dimen140
\FV@BreakIndentNChars=\count191
\FV@BreakSymbolSepLeft=\dimen141
\FV@BreakSymbolSepLeftNChars=\count192
\FV@BreakSymbolSepRight=\dimen142
\FV@BreakSymbolSepRightNChars=\count193
\FV@BreakSymbolIndentLeft=\dimen143
\FV@BreakSymbolIndentLeftNChars=\count194
\FV@BreakSymbolIndentRight=\dimen144
\FV@BreakSymbolIndentRightNChars=\count195
\c@FancyVerbLineBreakLast=\count196
\FV@LineBox=\box49
\FV@LineIndentBox=\box50
\FV@LineWidth=\dimen145
)
(/usr/share/texlive/texmf-dist/tex/latex/tools/calc.sty
Package: calc 2017/05/25 v4.3 Infix arithmetic (KKT,FJ)
\calc@Acount=\count197
\calc@Bcount=\count198
\calc@Adimen=\dimen146
\calc@Bdimen=\dimen147
\calc@Askip=\skip50
\calc@Bskip=\skip51
LaTeX Info: Redefining \setlength on input line 80.
LaTeX Info: Redefining \addtolength on input line 81.
\calc@Ccount=\count199
\calc@Cskip=\skip52
)
(/usr/share/texlive/texmf-dist/tex/latex/tools/shellesc.sty
Package: shellesc 2019/11/08 v1.0c unified shell escape interface for LaTeX
Package shellesc Info: Unrestricted shell escape enabled on input line 75.
)
(/usr/share/texlive/texmf-dist/tex/latex/ifplatform/ifplatform.sty
Package: ifplatform 2017/10/13 v0.4a Testing for the operating system

(/usr/share/texlive/texmf-dist/tex/latex/pdftexcmds/pdftexcmds.sty
Package: pdftexcmds 2019/11/24 v0.31 Utility functions of pdfTeX for LuaTeX (HO
)

(/usr/share/texlive/texmf-dist/tex/generic/infwarerr/infwarerr.sty
Package: infwarerr 2019/12/03 v1.5 Providing info/warning/error messages (HO)
)
(/usr/share/texlive/texmf-dist/tex/generic/iftex/iftex.sty
Package: iftex 2019/11/07 v1.0c TeX engine tests
)
Package pdftexcmds Info: \pdf@primitive is available.
Package pdftexcmds Info: \pdf@ifprimitive is available.
Package pdftexcmds Info: \pdfdraftmode found.
)
(/usr/share/texlive/texmf-dist/tex/generic/catchfile/catchfile.sty
Package: catchfile 2019/12/09 v1.8 Catch the contents of a file (HO)

(/usr/share/texlive/texmf-dist/tex/generic/etexcmds/etexcmds.sty
Package: etexcmds 2019/12/15 v1.7 Avoid name clashes with e-TeX commands (HO)
))
(/usr/share/texlive/texmf-dist/tex/generic/iftex/ifluatex.sty
Package: ifluatex 2019/10/25 v1.5 ifluatex legacy package. Use iftex instead.
)
runsystem(uname -s > "lab_report.w18")...executed.


(./lab_report.w18)
runsystem(rm -- "lab_report.w18")...executed.

)
(/usr/share/texlive/texmf-dist/tex/generic/xstring/xstring.sty
(/usr/share/texlive/texmf-dist/tex/generic/xstring/xstring.tex
\integerpart=\count266
\decimalpart=\count267
)
Package: xstring 2019/02/06 v1.83 String manipulations (CT)
)
(/usr/share/texlive/texmf-dist/tex/latex/framed/framed.sty
Package: framed 2011/10/22 v 0.96: framed or shaded text with page breaks
\OuterFrameSep=\skip53
\fb@frw=\dimen148
\fb@frh=\dimen149
\FrameRule=\dimen150
\FrameSep=\dimen151
)
(/usr/share/texlive/texmf-dist/tex/latex/float/float.sty
Package: float 2001/11/08 v1.3d Float enhancements (AL)
\c@float@type=\count268
\float@exts=\toks16
\float@box=\box51
\@float@everytoks=\toks17
\@floatcapt=\box52
)
\minted@appexistsfile=\read3
\minted@bgbox=\box53
\minted@code=\write4
\c@minted@FancyVerbLineTemp=\count269
\c@minted@pygmentizecounter=\count270
\@float@every@listing=\toks18
\c@listing=\count271
)
runsystem(mkdir -p _minted-lab_report)...executed.


(/usr/share/texlive/texmf-dist/tex/latex/graphics/graphicx.sty
Package: graphicx 2019/11/30 v1.2a Enhanced LaTeX Graphics (DPC,SPQR)

(/usr/share/texlive/texmf-dist/tex/latex/graphics/graphics.sty
Package: graphics 2019/11/30 v1.4a Standard LaTeX Graphics (DPC,SPQR)

(/usr/share/texlive/texmf-dist/tex/latex/graphics/trig.sty
Package: trig 2016/01/03 v1.10 sin cos tan (DPC)
)
(/usr/share/texlive/texmf-dist/tex/latex/graphics-cfg/graphics.cfg
File: graphics.cfg 2016/06/04 v1.11 sample graphics configuration
)
Package graphics Info: Driver file: pdftex.def on input line 105.

(/usr/share/texlive/texmf-dist/tex/latex/graphics-def/pdftex.def
File: pdftex.def 2018/01/08 v1.0l Graphics/color driver for pdftex
))
\Gin@req@height=\dimen152
\Gin@req@width=\dimen153
)
(/usr/share/texlive/texmf-dist/tex/latex/amsmath/amsmath.sty
Package: amsmath 2020/01/20 v2.17e AMS math features
\@mathmargin=\skip54

For additional information on amsmath, use the `?' option.
(/usr/share/texlive/texmf-dist/tex/latex/amsmath/amstext.sty
Package: amstext 2000/06/29 v2.01 AMS text

(/usr/share/texlive/texmf-dist/tex/latex/amsmath/amsgen.sty
File: amsgen.sty 1999/11/30 v2.0 generic functions
\@emptytoks=\toks19
\ex@=\dimen154
))
(/usr/share/texlive/texmf-dist/tex/latex/amsmath/amsbsy.sty
Package: amsbsy 1999/11/29 v1.2d Bold Symbols
\pmbraise@=\dimen155
)
(/usr/share/texlive/texmf-dist/tex/latex/amsmath/amsopn.sty
Package: amsopn 2016/03/08 v2.02 operator names
)
\inf@bad=\count272
LaTeX Info: Redefining \frac on input line 227.
\uproot@=\count273
\leftroot@=\count274
LaTeX Info: Redefining \overline on input line 389.
\classnum@=\count275
\DOTSCASE@=\count276
LaTeX Info: Redefining \ldots on input line 486.
LaTeX Info: Redefining \dots on input line 489.
LaTeX Info: Redefining \cdots on input line 610.
\Mathstrutbox@=\box54
\strutbox@=\box55
\big@size=\dimen156
LaTeX Font Info:    Redeclaring font encoding OML on input line 733.
LaTeX Font Info:    Redeclaring font encoding OMS on input line 734.
\macc@depth=\count277
\c@MaxMatrixCols=\count278
\dotsspace@=\muskip16
\c@parentequation=\count279
\dspbrk@lvl=\count280
\tag@help=\toks20
\row@=\count281
\column@=\count282
\maxfields@=\count283
\andhelp@=\toks21
\eqnshift@=\dimen157
\alignsep@=\dimen158
\tagshift@=\dimen159
\tagwidth@=\dimen160
\totwidth@=\dimen161
\lineht@=\dimen162
\@envbody=\toks22
\multlinegap=\skip55
\multlinetaggap=\skip56
\mathdisplay@stack=\toks23
LaTeX Info: Redefining \[ on input line 2859.
LaTeX Info: Redefining \] on input line 2860.
)
(/usr/share/texlive/texmf-dist/tex/latex/physics/physics.sty
Package: physics 

(/usr/share/texlive/texmf-dist/tex/latex/l3packages/xparse/xparse.sty
(/usr/share/texlive/texmf-dist/tex/latex/l3kernel/expl3.sty
Package: expl3 2020-02-14 L3 programming layer (loader) 

(/usr/share/texlive/texmf-dist/tex/latex/l3backend/l3backend-pdfmode.def
File: l3backend-pdfmode.def 2020-02-03 L3 backend support: PDF mode
\l__kernel_color_stack_int=\count284
\l__pdf_internal_box=\box56
))
Package: xparse 2020-02-14 L3 Experimental document command parser
\l__xparse_current_arg_int=\count285
\g__xparse_grabber_int=\count286
\l__xparse_m_args_int=\count287
\l__xparse_v_nesting_int=\count288
))
(/usr/share/texlive/texmf-dist/tex/latex/geometry/geometry.sty
Package: geometry 2020/01/02 v5.9 Page Geometry

(/usr/share/texlive/texmf-dist/tex/generic/iftex/ifvtex.sty
Package: ifvtex 2019/10/25 v1.7 ifvtex legacy package. Use iftex instead.
)
\Gm@cnth=\count289
\Gm@cntv=\count290
\c@Gm@tempcnt=\count291
\Gm@bindingoffset=\dimen163
\Gm@wd@mp=\dimen164
\Gm@odd@mp=\dimen165
\Gm@even@mp=\dimen166
\Gm@layoutwidth=\dimen167
\Gm@layoutheight=\dimen168
\Gm@layouthoffset=\dimen169
\Gm@layoutvoffset=\dimen170
\Gm@dimlist=\toks24
)
(/usr/share/texlive/texmf-dist/tex/latex/xcolor/xcolor.sty
Package: xcolor 2016/05/11 v2.12 LaTeX color extensions (UK)

(/usr/share/texlive/texmf-dist/tex/latex/graphics-cfg/color.cfg
File: color.cfg 2016/01/02 v1.6 sample color configuration
)
Package xcolor Info: Driver file: pdftex.def on input line 225.
Package xcolor Info: Model `cmy' substituted by `cmy0' on input line 1348.
Package xcolor Info: Model `hsb' substituted by `rgb' on input line 1352.
Package xcolor Info: Model `RGB' extended on input line 1364.
Package xcolor Info: Model `HTML' substituted by `rgb' on input line 1366.
Package xcolor Info: Model `Hsb' substituted by `hsb' on input line 1367.
Package xcolor Info: Model `tHsb' substituted by `hsb' on input line 1368.
Package xcolor Info: Model `HSB' substituted by `hsb' on input line 1369.
Package xcolor Info: Model `Gray' substituted by `gray' on input line 1370.
Package xcolor Info: Model `wave' substituted by `hsb' on input line 1371.
)
runsystem(which pygmentize && touch lab_report.aex)...executed.

runsystem(rm lab_report.aex)...executed.


(./lab_report.aux)
\openout1 = `lab_report.aux'.

LaTeX Font Info:    Checking defaults for OML/cmm/m/it on input line 12.
LaTeX Font Info:    ... okay on input line 12.
LaTeX Font Info:    Checking defaults for OMS/cmsy/m/n on input line 12.
LaTeX Font Info:    ... okay on input line 12.
LaTeX Font Info:    Checking defaults for OT1/cmr/m/n on input line 12.
LaTeX Font Info:    ... okay on input line 12.
LaTeX Font Info:    Checking defaults for T1/cmr/m/n on input line 12.
LaTeX Font Info:    ... okay on input line 12.
LaTeX Font Info:    Checking defaults for TS1/cmr/m/n on input line 12.
LaTeX Font Info:    ... okay on input line 12.
LaTeX Font Info:    Checking defaults for OMX/cmex/m/n on input line 12.
LaTeX Font Info:    ... okay on input line 12.
LaTeX Font Info:    Checking defaults for U/cmr/m/n on input line 12.
LaTeX Font Info:    ... okay on input line 12.

(/usr/share/texlive/texmf-dist/tex/context/base/mkii/supp-pdf.mkii
[Loading MPS to PDF converter (version 2006.09.02).]
\scratchcounter=\count292
\scratchdimen=\dimen171
\scratchbox=\box57
\nofMPsegments=\count293
\nofMParguments=\count294
\everyMPshowfont=\toks25
\MPscratchCnt=\count295
\MPscratchDim=\dimen172
\MPnumerator=\count296
\makeMPintoPDFobject=\count297
\everyMPtoPDFconversion=\toks26
) (/usr/share/texlive/texmf-dist/tex/latex/epstopdf-pkg/epstopdf-base.sty
Package: epstopdf-base 2020-01-24 v2.11 Base part for package epstopdf
Package epstopdf-base Info: Redefining graphics rule for `.eps' on input line 4
85.

(/usr/share/texlive/texmf-dist/tex/latex/latexconfig/epstopdf-sys.cfg
File: epstopdf-sys.cfg 2010/07/13 v1.3 Configuration of (r)epstopdf for TeX Liv
e
))
*geometry* driver: auto-detecting
*geometry* detected driver: pdftex
*geometry* verbose mode - [ preamble ] result:
* driver: pdftex
* paper: a4paper
* layout: <same size as paper>
* layoutoffset:(h,v)=(0.0pt,0.0pt)
* modes: 
* h-part:(L,W,R)=(89.62709pt, 418.25368pt, 89.6271pt)
* v-part:(T,H,B)=(101.40665pt, 591.5302pt, 152.11pt)
* \paperwidth=597.50787pt
* \paperheight=845.04684pt
* \textwidth=418.25368pt
* \textheight=591.5302pt
* \oddsidemargin=17.3571pt
* \evensidemargin=17.3571pt
* \topmargin=-7.86334pt
* \headheight=12.0pt
* \headsep=25.0pt
* \topskip=10.0pt
* \footskip=30.0pt
* \marginparwidth=65.0pt
* \marginparsep=11.0pt
* \columnsep=10.0pt
* \skip\footins=9.0pt plus 4.0pt minus 2.0pt
* \hoffset=0.0pt
* \voffset=0.0pt
* \mag=1000
* \@twocolumnfalse
* \@twosidefalse
* \@mparswitchfalse
* \@reversemarginfalse
* (1in=72.27pt=25.4mm, 1cm=28.453pt)

(./_minted-lab_report/default-pyg-prefix.pygstyle)
(./_minted-lab_report/default.pygstyle)
(./_minted-lab_report/A0889AE627F129D30499FF529FC13CFB19CD88FB624D0E05ED2953DE2
6F8C496.pygtex
Underfull \hbox (badness 10000) in paragraph at lines 16--1

 []

LaTeX Font Info:    Font shape `OT1/cmtt/bx/n' in size <10> not available
(Font)              Font shape `OT1/cmtt/m/n' tried instead on input line 6.
)
<prac_2_fig.png, id=1, 1387.584pt x 721.9773pt>
File: prac_2_fig.png Graphic file (type png)
<use prac_2_fig.png>
Package pdftex.def Info: prac_2_fig.png  used on input line 18.
(pdftex.def)             Requested size: 426.79134pt x 222.05902pt.

Overfull \hbox (23.53766pt too wide) in paragraph at lines 18--19
[][] 
 []

[1

{/var/lib/texmf/fonts/map/pdftex/updmap/pdftex.map}]
runsystem(pygmentize -l python -f latex -P commandprefix=PYG -F tokenmerge -o _
minted-lab_report/6CAEE43E2ECD719632C858C64484F44D50079C333A96E64808485B9B8B795
DDA.pygtex prac_3_MB.py)...executed.


(./_minted-lab_report/6CAEE43E2ECD719632C858C64484F44D50079C333A96E64808485B9B8
B795DDA.pygtex [2 <./prac_2_fig.png>] [3])
<MB_1.png, id=21, 462.528pt x 346.896pt>
File: MB_1.png Graphic file (type png)
<use MB_1.png>
Package pdftex.def Info: MB_1.png  used on input line 30.
(pdftex.def)             Requested size: 426.79134pt x 320.11154pt.
<MB_2.png, id=22, 462.528pt x 346.896pt>
File: MB_2.png Graphic file (type png)
<use MB_2.png>
Package pdftex.def Info: MB_2.png  used on input line 31.
(pdftex.def)             Requested size: 426.79134pt x 320.11154pt.
<MB_3.png, id=23, 462.528pt x 346.896pt>
File: MB_3.png Graphic file (type png)
<use MB_3.png>
Package pdftex.def Info: MB_3.png  used on input line 32.
(pdftex.def)             Requested size: 426.79134pt x 320.11154pt.
<MB_4.png, id=24, 462.528pt x 346.896pt>
File: MB_4.png Graphic file (type png)
<use MB_4.png>
Package pdftex.def Info: MB_4.png  used on input line 33.
(pdftex.def)             Requested size: 426.79134pt x 320.11154pt.

Overfull \hbox (23.53766pt too wide) in paragraph at lines 30--34
[][]
 []


Overfull \hbox (8.53766pt too wide) in paragraph at lines 30--34
[]
 []


Overfull \hbox (8.53766pt too wide) in paragraph at lines 30--34
[]
 []


Overfull \hbox (8.53766pt too wide) in paragraph at lines 30--34
[] 
 []

[4] [5 <./MB_1.png>] [6 <./MB_2.png>]
runsystem(pygmentize -l python -f latex -P commandprefix=PYG -F tokenmerge -o _
minted-lab_report/46CE6A1037B6862D60A34EEE0F046E39053E86CA11D8C9E1C2881DBDEE617
473.pygtex prac_3_BE.py)...executed.


(./_minted-lab_report/46CE6A1037B6862D60A34EEE0F046E39053E86CA11D8C9E1C2881DBDE
E617473.pygtex [7 <./MB_3.png>] [8 <./MB_4.png>] [9])
runsystem(pygmentize -l python -f latex -P commandprefix=PYG -F tokenmerge -o _
minted-lab_report/098C79D7D649285FB3C78BD5A54DA9EF7735E5CC377653D950BB31DDFC4B6
12A.pygtex prac_3_FD.py)...executed.


(./_minted-lab_report/098C79D7D649285FB3C78BD5A54DA9EF7735E5CC377653D950BB31DDF
C4B612A.pygtex [10] [11])
<FD_1.png, id=54, 462.528pt x 346.896pt>
File: FD_1.png Graphic file (type png)
<use FD_1.png>
Package pdftex.def Info: FD_1.png  used on input line 38.
(pdftex.def)             Requested size: 426.79134pt x 320.11154pt.
<FD_2.png, id=55, 462.528pt x 346.896pt>
File: FD_2.png Graphic file (type png)
<use FD_2.png>
Package pdftex.def Info: FD_2.png  used on input line 39.
(pdftex.def)             Requested size: 426.79134pt x 320.11154pt.
<FD_3.png, id=56, 462.528pt x 346.896pt>
File: FD_3.png Graphic file (type png)
<use FD_3.png>
Package pdftex.def Info: FD_3.png  used on input line 40.
(pdftex.def)             Requested size: 426.79134pt x 320.11154pt.
<FD_5.png, id=57, 462.528pt x 346.896pt>
File: FD_5.png Graphic file (type png)
<use FD_5.png>
Package pdftex.def Info: FD_5.png  used on input line 41.
(pdftex.def)             Requested size: 426.79134pt x 320.11154pt.

Overfull \hbox (23.53766pt too wide) in paragraph at lines 38--43
[][]
 []


Overfull \hbox (8.53766pt too wide) in paragraph at lines 38--43
[]
 []


Overfull \hbox (8.53766pt too wide) in paragraph at lines 38--43
[]
 []


Overfull \hbox (8.53766pt too wide) in paragraph at lines 38--43
[] 
 []

[12] [13 <./FD_1.png>] [14 <./FD_2.png>] [15 <./FD_3.png>]
runsystem(pygmentize -l python -f latex -P commandprefix=PYG -F tokenmerge -o _
minted-lab_report/CDBA4527D968E9BEDEA48CA143576B682E85EADBE06D340AD75818F52905D
917.pygtex prac_4.py)...executed.


(./_minted-lab_report/CDBA4527D968E9BEDEA48CA143576B682E85EADBE06D340AD75818F52
905D917.pygtex
Underfull \hbox (badness 10000) in paragraph at lines 45--1

 []

[16 <./FD_5.png>] [17])
<prac_4_oxygen.png, id=81, 1387.584pt x 721.9773pt>
File: prac_4_oxygen.png Graphic file (type png)
<use prac_4_oxygen.png>
Package pdftex.def Info: prac_4_oxygen.png  used on input line 47.
(pdftex.def)             Requested size: 426.79134pt x 222.05902pt.

Overfull \hbox (23.53766pt too wide) in paragraph at lines 47--49
[][] 
 []

runsystem(pygmentize -l python -f latex -P commandprefix=PYG -F tokenmerge -o _
minted-lab_report/FF1FF032643AC1069CA37B0D40A233FCBEF9FB796F9F0C01F22F01E8EF3DC
906.pygtex prac_5.py)...executed.


(./_minted-lab_report/FF1FF032643AC1069CA37B0D40A233FCBEF9FB796F9F0C01F22F01E8E
F3DC906.pygtex
Underfull \hbox (badness 10000) in paragraph at lines 53--1

 []

[18 <./prac_4_oxygen.png>] [19])
<prac_5.png, id=90, 1387.584pt x 721.9773pt>
File: prac_5.png Graphic file (type png)
<use prac_5.png>
Package pdftex.def Info: prac_5.png  used on input line 55.
(pdftex.def)             Requested size: 426.79134pt x 222.05902pt.

Overfull \hbox (23.53766pt too wide) in paragraph at lines 55--56
[][] 
 []

runsystem(pygmentize -l python -f latex -P commandprefix=PYG -F tokenmerge -o _
minted-lab_report/F394328921784738E525EE3DC35466348BDEFA6522F14FF6F6B4349654D6A
81A.pygtex prac_6.py)...executed.


(./_minted-lab_report/F394328921784738E525EE3DC35466348BDEFA6522F14FF6F6B434965
4D6A81A.pygtex
Underfull \hbox (badness 10000) in paragraph at lines 62--1

 []

[20 <./prac_5.png>])
<prac_6_300k.png, id=95, 763.8939pt x 558.6471pt>
File: prac_6_300k.png Graphic file (type png)
<use prac_6_300k.png>
Package pdftex.def Info: prac_6_300k.png  used on input line 64.
(pdftex.def)             Requested size: 426.79134pt x 312.12419pt.
<prac_6_500k.png, id=96, 688.0104pt x 579.6054pt>
File: prac_6_500k.png Graphic file (type png)
<use prac_6_500k.png>
Package pdftex.def Info: prac_6_500k.png  used on input line 65.
(pdftex.def)             Requested size: 426.79134pt x 359.54619pt.
<prac_6_800k.png, id=97, 693.0693pt x 588.2778pt>
File: prac_6_800k.png Graphic file (type png)
<use prac_6_800k.png>
Package pdftex.def Info: prac_6_800k.png  used on input line 66.
(pdftex.def)             Requested size: 426.79134pt x 362.25995pt.

Overfull \hbox (23.53766pt too wide) in paragraph at lines 64--68
[][]
 []


Overfull \hbox (8.53766pt too wide) in paragraph at lines 64--68
[]
 []


Overfull \hbox (8.53766pt too wide) in paragraph at lines 64--68
[] 
 []

[21] [22 <./prac_6_300k.png>] [23 <./prac_6_500k.png>]
runsystem(pygmentize -l python -f latex -P commandprefix=PYG -F tokenmerge -o _
minted-lab_report/4B8C55727FAC0185D7F3A222714A3EBBE7279FCA56E7121AFC55A2F23D3EB
F68.pygtex prac_8.py)...executed.


(./_minted-lab_report/4B8C55727FAC0185D7F3A222714A3EBBE7279FCA56E7121AFC55A2F23
D3EBF68.pygtex
Overfull \hbox (4.22696pt too wide) in paragraph at lines 71--1
[]\OT1/cmr/bx/n/10 Program 6. Plot Planck's law of Black body ra-di-a-tion w.r.
t. wave-length/frequency
 []


Underfull \hbox (badness 10000) in paragraph at lines 71--1

 []

[24 <./prac_6_800k.png>] [25])
<prac_8.png, id=117, 1387.584pt x 721.9773pt>
File: prac_8.png Graphic file (type png)
<use prac_8.png>
Package pdftex.def Info: prac_8.png  used on input line 73.
(pdftex.def)             Requested size: 426.79134pt x 222.05902pt.

Overfull \hbox (23.53766pt too wide) in paragraph at lines 73--75
[][] 
 []

[26 <./prac_8.png>] (./lab_report.aux) ) 
Here is how much of TeX's memory you used:
 7419 strings out of 483107
 128314 string characters out of 5964631
 424701 words of memory out of 5000000
 22301 multiletter control sequences out of 15000+600000
 536691 words of font info for 40 fonts, out of 8000000 for 9000
 59 hyphenation exceptions out of 8191
 43i,6n,38p,846b,351s stack positions out of 5000i,500n,10000p,200000b,80000s
</usr/share/texlive/texmf-dist/fonts/ty
pe1/public/amsfonts/cm/cmbx10.pfb></usr/share/texlive/texmf-dist/fonts/type1/pu
blic/amsfonts/cm/cmitt10.pfb></usr/share/texlive/texmf-dist/fonts/type1/public/
amsfonts/cm/cmr10.pfb></usr/share/texlive/texmf-dist/fonts/type1/public/amsfont
s/cm/cmr12.pfb></usr/share/texlive/texmf-dist/fonts/type1/public/amsfonts/cm/cm
r17.pfb></usr/share/texlive/texmf-dist/fonts/type1/public/amsfonts/cm/cmtt10.pf
b>
Output written on lab_report.pdf (26 pages, 664166 bytes).
PDF statistics:
 143 PDF objects out of 1000 (max. 8388607)
 78 compressed objects within 1 object stream
 0 named destinations out of 1000 (max. 500000)
 76 words of extra memory for PDF output out of 10000 (max. 10000000)

